[    0.000000] Initializing cgroup subsys cpuset
[    0.000000] Initializing cgroup subsys cpu
[    0.000000] Initializing cgroup subsys cpuacct
[    0.000000] Linux version 4.4.0-210-generic (buildd@lgw01-amd64-009) (gcc version 5.4.0 20160609 (Ubuntu 5.4.0-6ubuntu1~16.04.12) ) #242-Ubuntu SMP Fri Apr 16 09:57:56 UTC 2021 (Ubuntu 4.4.0-210.242-generic 4.4.262)
[    0.000000] Command line: BOOT_IMAGE=/boot/vmlinuz-4.4.0-210-generic root=LABEL=cloudimg-rootfs ro console=tty1 console=ttyS0
[    0.000000] KERNEL supported cpus:
[    0.000000]   Intel GenuineIntel
[    0.000000]   AMD AuthenticAMD
[    0.000000]   Centaur CentaurHauls
[    0.000000] x86/fpu: Legacy x87 FPU detected.
[    0.000000] e820: BIOS-provided physical RAM map:
[    0.000000] BIOS-e820: [mem 0x0000000000000000-0x000000000009fbff] usable
[    0.000000] BIOS-e820: [mem 0x000000000009fc00-0x000000000009ffff] reserved
[    0.000000] BIOS-e820: [mem 0x00000000000f0000-0x00000000000fffff] reserved
[    0.000000] BIOS-e820: [mem 0x0000000000100000-0x000000003ffeffff] usable
[    0.000000] BIOS-e820: [mem 0x000000003fff0000-0x000000003fffffff] ACPI data
[    0.000000] BIOS-e820: [mem 0x00000000fec00000-0x00000000fec00fff] reserved
[    0.000000] BIOS-e820: [mem 0x00000000fee00000-0x00000000fee00fff] reserved
[    0.000000] BIOS-e820: [mem 0x00000000fffc0000-0x00000000ffffffff] reserved
[    0.000000] NX (Execute Disable) protection: active
[    0.000000] SMBIOS 2.5 present.
[    0.000000] Hypervisor detected: KVM
[    0.000000] Kernel/User page tables isolation: disabled
[    0.000000] e820: last_pfn = 0x3fff0 max_arch_pfn = 0x400000000
[    0.000000] MTRR: Disabled
[    0.000000] x86/PAT: MTRRs disabled, skipping PAT initialization too.
[    0.000000] CPU MTRRs all blank - virtualized system.
[    0.000000] x86/PAT: Configuration [0-7]: WB  WT  UC- UC  WB  WT  UC- UC  
[    0.000000] found SMP MP-table at [mem 0x0009fff0-0x0009ffff] mapped at [ffff88000009fff0]
[    0.000000] Scanning 1 areas for low memory corruption
[    0.000000] RAMDISK: [mem 0x362dc000-0x37165fff]
[    0.000000] ACPI: Early table checksum verification disabled
[    0.000000] ACPI: RSDP 0x00000000000E0000 000024 (v02 VBOX  )
[    0.000000] ACPI: XSDT 0x000000003FFF0030 00003C (v01 VBOX   VBOXXSDT 00000001 ASL  00000061)
[    0.000000] ACPI: FACP 0x000000003FFF00F0 0000F4 (v04 VBOX   VBOXFACP 00000001 ASL  00000061)
[    0.000000] ACPI: DSDT 0x000000003FFF0610 002353 (v02 VBOX   VBOXBIOS 00000002 INTL 20100528)
[    0.000000] ACPI: FACS 0x000000003FFF0200 000040
[    0.000000] ACPI: FACS 0x000000003FFF0200 000040
[    0.000000] ACPI: APIC 0x000000003FFF0240 00005C (v02 VBOX   VBOXAPIC 00000001 ASL  00000061)
[    0.000000] ACPI: SSDT 0x000000003FFF02A0 00036C (v01 VBOX   VBOXCPUT 00000002 INTL 20100528)
[    0.000000] No NUMA configuration found
[    0.000000] Faking a node at [mem 0x0000000000000000-0x000000003ffeffff]
[    0.000000] NODE_DATA(0) allocated [mem 0x3ffeb000-0x3ffeffff]
[    0.000000] kvm-clock: Using msrs 4b564d01 and 4b564d00
[    0.000000] kvm-clock: cpu 0, msr 0:3ffe3001, primary cpu clock
[    0.000000] kvm-clock: using sched offset of 4880019864 cycles
[    0.000000] clocksource: kvm-clock: mask: 0xffffffffffffffff max_cycles: 0x1cd42e4dffb, max_idle_ns: 881590591483 ns
[    0.000000] Zone ranges:
[    0.000000]   DMA      [mem 0x0000000000001000-0x0000000000ffffff]
[    0.000000]   DMA32    [mem 0x0000000001000000-0x000000003ffeffff]
[    0.000000]   Normal   empty
[    0.000000]   Device   empty
[    0.000000] Movable zone start for each node
[    0.000000] Early memory node ranges
[    0.000000]   node   0: [mem 0x0000000000001000-0x000000000009efff]
[    0.000000]   node   0: [mem 0x0000000000100000-0x000000003ffeffff]
[    0.000000] Initmem setup node 0 [mem 0x0000000000001000-0x000000003ffeffff]
[    0.000000] ACPI: PM-Timer IO Port: 0x4008
[    0.000000] IOAPIC[0]: apic_id 2, version 32, address 0xfec00000, GSI 0-23
[    0.000000] ACPI: INT_SRC_OVR (bus 0 bus_irq 0 global_irq 2 dfl dfl)
[    0.000000] ACPI: INT_SRC_OVR (bus 0 bus_irq 9 global_irq 9 low level)
[    0.000000] Using ACPI (MADT) for SMP configuration information
[    0.000000] smpboot: Allowing 2 CPUs, 0 hotplug CPUs
[    0.000000] PM: Registered nosave memory: [mem 0x00000000-0x00000fff]
[    0.000000] PM: Registered nosave memory: [mem 0x0009f000-0x0009ffff]
[    0.000000] PM: Registered nosave memory: [mem 0x000a0000-0x000effff]
[    0.000000] PM: Registered nosave memory: [mem 0x000f0000-0x000fffff]
[    0.000000] e820: [mem 0x40000000-0xfebfffff] available for PCI devices
[    0.000000] Booting paravirtualized kernel on KVM
[    0.000000] clocksource: refined-jiffies: mask: 0xffffffff max_cycles: 0xffffffff, max_idle_ns: 7645519600211568 ns
[    0.000000] setup_percpu: NR_CPUS:512 nr_cpumask_bits:512 nr_cpu_ids:2 nr_node_ids:1
[    0.000000] PERCPU: Embedded 33 pages/cpu @ffff88003fc00000 s95192 r8192 d31784 u1048576
[    0.000000] Built 1 zonelists in Node order, mobility grouping on.  Total pages: 257912
[    0.000000] Policy zone: DMA32
[    0.000000] Kernel command line: BOOT_IMAGE=/boot/vmlinuz-4.4.0-210-generic root=LABEL=cloudimg-rootfs ro console=tty1 console=ttyS0
[    0.000000] PID hash table entries: 4096 (order: 3, 32768 bytes)
[    0.000000] Memory: 997792K/1048120K available (8644K kernel code, 1332K rwdata, 4044K rodata, 1492K init, 1164K bss, 50328K reserved, 0K cma-reserved)
[    0.000000] SLUB: HWalign=64, Order=0-3, MinObjects=0, CPUs=2, Nodes=1
[    0.000000] Hierarchical RCU implementation.
[    0.000000] 	Build-time adjustment of leaf fanout to 64.
[    0.000000] 	RCU restricting CPUs from NR_CPUS=512 to nr_cpu_ids=2.
[    0.000000] RCU: Adjusting geometry for rcu_fanout_leaf=64, nr_cpu_ids=2
[    0.000000] NR_IRQS:33024 nr_irqs:440 16
[    0.000000] Console: colour VGA+ 80x25
[    0.000000] console [tty1] enabled
[    0.000000] console [ttyS0] enabled
[    0.000000] tsc: Detected 2611.198 MHz processor
[    1.062636] Calibrating delay loop (skipped) preset value.. 5222.39 BogoMIPS (lpj=10444792)
[    1.067932] pid_max: default: 32768 minimum: 301
[    1.071448] ACPI: Core revision 20150930
[    1.073989] ACPI: 2 ACPI AML tables successfully acquired and loaded
[    1.079880] Security Framework initialized
[    1.081965] Yama: becoming mindful.
[    1.083747] AppArmor: AppArmor initialized
[    1.086914] Dentry cache hash table entries: 131072 (order: 8, 1048576 bytes)
[    1.092832] Inode-cache hash table entries: 65536 (order: 7, 524288 bytes)
[    1.097386] Mount-cache hash table entries: 2048 (order: 2, 16384 bytes)
[    1.101171] Mountpoint-cache hash table entries: 2048 (order: 2, 16384 bytes)
[    1.104918] Initializing cgroup subsys io
[    1.107062] Initializing cgroup subsys memory
[    1.112631] Initializing cgroup subsys devices
[    1.120311] Initializing cgroup subsys freezer
[    1.122661] Initializing cgroup subsys net_cls
[    1.125408] Initializing cgroup subsys perf_event
[    1.127684] Initializing cgroup subsys net_prio
[    1.132983] Initializing cgroup subsys hugetlb
[    1.135133] Initializing cgroup subsys pids
[    1.142119] mce: CPU supports 0 MCE banks
[    1.144133] Last level iTLB entries: 4KB 0, 2MB 0, 4MB 0
[    1.152937] Last level dTLB entries: 4KB 0, 2MB 0, 4MB 0, 1GB 0
[    1.156945] Spectre V1 : Mitigation: usercopy/swapgs barriers and __user pointer sanitization
[    1.165481] Spectre V2 : Mitigation: Enhanced IBRS
[    1.172593] Spectre V2 : Spectre v2 / SpectreRSB mitigation: Filling RSB on context switch
[    1.184037] Speculative Store Bypass: Vulnerable
[    1.221277] Freeing SMP alternatives memory: 36K
[    1.320323] ftrace: allocating 32380 entries in 127 pages
[    1.876400] smpboot: APIC(0) Converting physical 0 to logical package 0
[    1.887978] smpboot: Max logical packages: 1
[    1.904578] ..TIMER: vector=0x30 apic1=0 pin1=2 apic2=-1 pin2=-1
[    2.019922] APIC calibration not consistent with PM-Timer: 101ms instead of 100ms
[    2.029079] APIC delta adjusted to PM-Timer: 6306893 (6398954)
[    2.037057] smpboot: CPU0: 13th Gen Intel(R) Core(TM) i5-13420H (family: 0x6, model: 0xba, stepping: 0x2)
[    2.047032] Performance Events: unsupported p6 CPU model 186 no PMU driver, software events only.
[    2.135217] KVM setup paravirtual spinlock
[    2.140018] x86: Booting SMP configuration:
[    2.145349] .... node  #0, CPUs:      #1
[    2.151664] kvm-clock: cpu 1, msr 0:3ffe3041, secondary cpu clock
[    2.162466] mce: CPU supports 0 MCE banks
[    2.167866] TSC synchronization [CPU#0 -> CPU#1]:
[    2.173647] Measured 129654 cycles TSC warp between CPUs, turning off TSC clock.
[    2.176865] tsc: Marking TSC unstable due to check_tsc_sync_source failed
[    0.454157] x86: Booted up 1 node, 2 CPUs
[    0.456005] smpboot: Total of 2 processors activated (10444.79 BogoMIPS)
[    0.464304] devtmpfs: initialized
[    0.473781] evm: security.selinux
[    0.476006] evm: security.SMACK64
[    0.480006] evm: security.SMACK64EXEC
[    0.484005] evm: security.SMACK64TRANSMUTE
[    0.488008] evm: security.SMACK64MMAP
[    0.490716] evm: security.ima
[    0.492005] evm: security.capability
[    0.496327] clocksource: jiffies: mask: 0xffffffff max_cycles: 0xffffffff, max_idle_ns: 7645041785100000 ns
[    0.500018] futex hash table entries: 512 (order: 3, 32768 bytes)
[    0.504303] pinctrl core: initialized pinctrl subsystem
[    0.512126] RTC time:  1:49:13, date: 08/11/24
[    0.516773] NET: Registered protocol family 16
[    0.528017] cpuidle: using governor ladder
[    0.544013] cpuidle: using governor menu
[    0.546706] PCCT header not found.
[    0.548089] ACPI: bus type PCI registered
[    0.552002] acpiphp: ACPI Hot Plug PCI Controller Driver version: 0.5
[    0.554981] PCI: Using configuration type 1 for base access
[    0.572271] ACPI: Added _OSI(Module Device)
[    0.574057] ACPI: Added _OSI(Processor Device)
[    0.576003] ACPI: Added _OSI(3.0 _SCP Extensions)
[    0.580002] ACPI: Added _OSI(Processor Aggregator Device)
[    0.584824] ACPI: Executed 1 blocks of module-level executable AML code
[    0.594048] ACPI: Interpreter enabled
[    0.595649] ACPI: (supports S0 S5)
[    0.596003] ACPI: Using IOAPIC for interrupt routing
[    0.598347] PCI: Using host bridge windows from ACPI; if necessary, use "pci=nocrs" and report a bug
[    0.607666] ACPI: PCI Root Bridge [PCI0] (domain 0000 [bus 00-ff])
[    0.608007] acpi PNP0A03:00: _OSC: OS supports [ASPM ClockPM Segments MSI]
[    0.612094] acpi PNP0A03:00: _OSC: not requesting OS control; OS requires [ExtendedConfig ASPM ClockPM MSI]
[    0.616009] acpi PNP0A03:00: fail to add MMCONFIG information, can't access extended PCI configuration space under this bridge.
[    0.620347] PCI host bridge to bus 0000:00
[    0.624007] pci_bus 0000:00: root bus resource [io  0x0000-0x0cf7 window]
[    0.628005] pci_bus 0000:00: root bus resource [io  0x0d00-0xffff window]
[    0.632002] pci_bus 0000:00: root bus resource [mem 0x000a0000-0x000bffff window]
[    0.636003] pci_bus 0000:00: root bus resource [mem 0x40000000-0xfdffffff window]
[    0.640004] pci_bus 0000:00: root bus resource [bus 00-ff]
[    0.650384] pci 0000:00:01.1: legacy IDE quirk: reg 0x10: [io  0x01f0-0x01f7]
[    0.652004] pci 0000:00:01.1: legacy IDE quirk: reg 0x14: [io  0x03f6]
[    0.656005] pci 0000:00:01.1: legacy IDE quirk: reg 0x18: [io  0x0170-0x0177]
[    0.660006] pci 0000:00:01.1: legacy IDE quirk: reg 0x1c: [io  0x0376]
[    0.684950] pci 0000:00:07.0: quirk: [io  0x4000-0x403f] claimed by PIIX4 ACPI
[    0.688029] pci 0000:00:07.0: quirk: [io  0x4100-0x410f] claimed by PIIX4 SMB
[    0.701834] ACPI: PCI Interrupt Link [LNKA] (IRQs 5 9 10 *11)
[    0.712319] ACPI: PCI Interrupt Link [LNKB] (IRQs 5 9 *10 11)
[    0.718526] ACPI: PCI Interrupt Link [LNKC] (IRQs 5 *9 10 11)
[    0.724907] ACPI: PCI Interrupt Link [LNKD] (IRQs 5 9 10 *11)
[    0.729103] ACPI: Enabled 2 GPEs in block 00 to 07
[    0.732155] vgaarb: setting as boot device: PCI:0000:00:02.0
[    0.734732] vgaarb: device added: PCI:0000:00:02.0,decodes=io+mem,owns=io+mem,locks=none
[    0.736005] vgaarb: loaded
[    0.737359] vgaarb: bridge control possible 0000:00:02.0
[    0.744157] SCSI subsystem initialized
[    0.748183] ACPI: bus type USB registered
[    0.750289] usbcore: registered new interface driver usbfs
[    0.752019] usbcore: registered new interface driver hub
[    0.756014] usbcore: registered new device driver usb
[    0.760392] PCI: Using ACPI for IRQ routing
[    0.764541] NetLabel: Initializing
[    0.768006] NetLabel:  domain hash size = 128
[    0.772003] NetLabel:  protocols = UNLABELED CIPSOv4
[    0.774179] NetLabel:  unlabeled traffic allowed by default
[    0.776133] amd_nb: Cannot enumerate AMD northbridges
[    0.780018] clocksource: Switched to clocksource kvm-clock
[    0.787450] AppArmor: AppArmor Filesystem Enabled
[    0.787450] pnp: PnP ACPI init
[    0.787450] pnp: PnP ACPI: found 3 devices
[    0.847133] clocksource: acpi_pm: mask: 0xffffff max_cycles: 0xffffff, max_idle_ns: 2085701024 ns
[    0.848528] NET: Registered protocol family 2
[    0.861715] TCP established hash table entries: 8192 (order: 4, 65536 bytes)
[    0.869656] TCP bind hash table entries: 8192 (order: 5, 131072 bytes)
[    0.874263] TCP: Hash tables configured (established 8192 bind 8192)
[    0.877747] UDP hash table entries: 512 (order: 2, 16384 bytes)
[    0.878038] UDP-Lite hash table entries: 512 (order: 2, 16384 bytes)
[    0.878038] NET: Registered protocol family 1
[    0.878038] pci 0000:00:00.0: Limiting direct PCI/PCI transfers
[    0.878038] pci 0000:00:01.0: Activating ISA DMA hang workarounds
[    0.878038] Unpacking initramfs...
[    0.878038] Freeing initrd memory: 14888K
[    0.878038] clocksource: tsc: mask: 0xffffffffffffffff max_cycles: 0x25a38e665e8, max_idle_ns: 440795247960 ns
[    0.878038] platform rtc_cmos: registered platform RTC device (no PNP device found)
[    0.878038] Scanning for low memory corruption every 60 seconds
[    1.305465] audit: initializing netlink subsys (disabled)
[    1.317550] audit: type=2000 audit(1723340959.027:1): initialized
[    1.332952] Initialise system trusted keyring
[    1.344898] HugeTLB registered 2 MB page size, pre-allocated 0 pages
[    1.362904] zbud: loaded
[    1.369384] VFS: Disk quotas dquot_6.6.0
[    1.376855] VFS: Dquot-cache hash table entries: 512 (order 0, 4096 bytes)
[    1.394567] squashfs: version 4.0 (2009/01/31) Phillip Lougher
[    1.409970] fuse init (API version 7.23)
[    1.418105] Key type big_key registered
[    1.425594] Allocating IMA MOK and blacklist keyrings.
[    1.461693] Key type asymmetric registered
[    1.471864] Asymmetric key parser 'x509' registered
[    1.485160] Block layer SCSI generic (bsg) driver version 0.4 loaded (major 249)
[    1.502668] io scheduler noop registered
[    1.510234] io scheduler deadline registered (default)
[    1.521845] io scheduler cfq registered
[    1.525633] pci_hotplug: PCI Hot Plug PCI Core version: 0.5
[    1.525633] pciehp: PCI Express Hot Plug Controller Driver version: 0.4
[    1.525633] ACPI: AC Adapter [AC] (off-line)
[    1.525633] input: Power Button as /devices/LNXSYSTM:00/LNXPWRBN:00/input/input0
[    1.525633] ACPI: Power Button [PWRF]
[    1.525633] input: Sleep Button as /devices/LNXSYSTM:00/LNXSLPBN:00/input/input1
[    1.525633] ACPI: Sleep Button [SLPF]
[    1.625637] GHES: HEST is not enabled!
[    1.629056] ACPI: Battery Slot [BAT0] (battery present)
[    1.643136] Serial: 8250/16550 driver, 32 ports, IRQ sharing enabled
[    1.685645] 00:02: ttyS0 at I/O 0x3f8 (irq = 4, base_baud = 115200) is a 16550A
[    1.735324] Linux agpgart interface v0.103
[    1.777791] loop: module loaded
[    1.790796] scsi host0: ata_piix
[    1.800165] scsi host1: ata_piix
[    1.808431] ata1: PATA max UDMA/33 cmd 0x1f0 ctl 0x3f6 bmdma 0xd000 irq 14
[    1.812196] ata2: PATA max UDMA/33 cmd 0x170 ctl 0x376 bmdma 0xd008 irq 15
[    1.840741] libphy: Fixed MDIO Bus: probed
[    1.851485] tun: Universal TUN/TAP device driver, 1.6
[    1.862709] tun: (C) 1999-2004 Max Krasnyansky <maxk@qualcomm.com>
[    1.881509] PPP generic driver version 2.4.2
[    1.895243] ehci_hcd: USB 2.0 'Enhanced' Host Controller (EHCI) Driver
[    1.912296] ehci-pci: EHCI PCI platform driver
[    1.924702] ehci-platform: EHCI generic platform driver
[    1.938913] ohci_hcd: USB 1.1 'Open' Host Controller (OHCI) Driver
[    1.953261] ohci-pci: OHCI PCI platform driver
[    1.962960] ohci-platform: OHCI generic platform driver
[    1.974926] uhci_hcd: USB Universal Host Controller Interface driver
[    1.986571] i8042: PNP: PS/2 Controller [PNP0303:PS2K,PNP0f03:PS2M] at 0x60,0x64 irq 1,12
[    2.049346] serio: i8042 KBD port at 0x60,0x64 irq 1
[    2.059210] serio: i8042 AUX port at 0x60,0x64 irq 12
[    2.095767] mousedev: PS/2 mouse device common for all mice
[    2.119096] rtc_cmos rtc_cmos: rtc core: registered rtc_cmos as rtc0
[    2.134756] rtc_cmos rtc_cmos: alarms up to one day, 114 bytes nvram
[    2.146157] i2c /dev entries driver
[    2.155185] device-mapper: uevent: version 1.0.3
[    2.171497] device-mapper: ioctl: 4.34.0-ioctl (2015-10-28) initialised: dm-devel@redhat.com
[    2.199118] ledtrig-cpu: registered to indicate activity on CPUs
[    2.213367] input: AT Translated Set 2 keyboard as /devices/platform/i8042/serio0/input/input2
[    2.228880] NET: Registered protocol family 10
[    2.242977] NET: Registered protocol family 17
[    2.255790] Key type dns_resolver registered
[    2.267305] registered taskstats version 1
[    2.277110] Loading compiled-in X.509 certificates
[    2.288781] Loaded X.509 cert 'Build time autogenerated kernel key: cf00e047681d67edb2720680708b7d9498083038'
[    2.317521] zswap: loaded using pool lzo/zbud
[    2.338246] Key type trusted registered
[    2.363062] Key type encrypted registered
[    2.374187] AppArmor: AppArmor sha1 policy hashing enabled
[    2.387864] ima: No TPM chip found, activating TPM-bypass!
[    2.401284] ima: Allocated hash algorithm: sha1
[    2.412418] evm: HMAC attrs: 0x1
[    2.425296]   Magic number: 4:728:811
[    2.434491] rtc_cmos rtc_cmos: setting system clock to 2024-08-11 01:49:15 UTC (1723340955)
[    2.453732] BIOS EDD facility v0.16 2004-Jun-25, 0 devices found
[    2.465589] EDD information not available.
[    2.478015] Freeing unused kernel memory: 1492K
[    2.486662] Write protecting the kernel read-only data: 14336k
[    2.499241] Freeing unused kernel memory: 1584K
[    2.509050] Freeing unused kernel memory: 52K
Loading, please wait...
starting version 229
[    2.564156] random: systemd-udevd: uninitialized urandom read (16 bytes read, 7 bits of entropy available)
[    2.564632] random: udevadm: uninitialized urandom read (16 bytes read, 7 bits of entropy available)
[    2.564656] random: udevadm: uninitialized urandom read (16 bytes read, 7 bits of entropy available)
[    2.582567] random: udevadm: uninitialized urandom read (16 bytes read, 7 bits of entropy available)
[    2.582643] random: udevadm: uninitialized urandom read (16 bytes read, 7 bits of entropy available)
[    2.582935] random: udevadm: uninitialized urandom read (16 bytes read, 7 bits of entropy available)
[    2.583000] random: udevadm: uninitialized urandom read (16 bytes read, 7 bits of entropy available)
[    2.583065] random: udevadm: uninitialized urandom read (16 bytes read, 7 bits of entropy available)
[    2.583209] random: udevadm: uninitialized urandom read (16 bytes read, 7 bits of entropy available)
[    2.583321] random: udevadm: uninitialized urandom read (16 bytes read, 7 bits of entropy available)
[    2.942172] Fusion MPT base driver 3.04.20
[    2.952208] Copyright (c) 1999-2008 LSI Corporation
[    2.977540] e1000: Intel(R) PRO/1000 Network Driver - version 7.3.21-k8-NAPI
[    3.000581] e1000: Copyright (c) 1999-2006 Intel Corporation.
[    3.058444] Fusion MPT SPI Host driver 3.04.20
[    3.095655] mptbase: ioc0: Initiating bringup
[    3.117964] SSE version of gcm_enc/dec engaged.
[    3.185120] ioc0: LSI53C1030 A0: Capabilities={Initiator}
[    3.387765] input: ImExPS/2 Generic Explorer Mouse as /devices/platform/i8042/serio1/input/input4
[    3.511063] scsi host2: ioc0: LSI53C1030 A0, FwRev=00000000h, Ports=1, MaxQ=256, IRQ=20
[    3.670473] scsi 2:0:0:0: Direct-Access     VBOX     HARDDISK         1.0  PQ: 0 ANSI: 5
[    3.689565] scsi target2:0:0: Beginning Domain Validation
[    3.732477] scsi target2:0:0: Domain Validation skipping write tests
[    3.752209] scsi target2:0:0: Ending Domain Validation
[    3.771068] scsi target2:0:0: asynchronous
[    3.790095] scsi 2:0:1:0: Direct-Access     VBOX     HARDDISK         1.0  PQ: 0 ANSI: 5
[    3.811703] scsi target2:0:1: Beginning Domain Validation
[    3.838649] scsi target2:0:1: Domain Validation skipping write tests
[    3.856590] scsi target2:0:1: Ending Domain Validation
[    3.872491] scsi target2:0:1: asynchronous
[    3.909503] sd 2:0:0:0: Attached scsi generic sg0 type 0
[    3.925230] sd 2:0:0:0: [sda] 83886080 512-byte logical blocks: (42.9 GB/40.0 GiB)
[    3.945960] sd 2:0:1:0: Attached scsi generic sg1 type 0
[    3.965563] sd 2:0:1:0: [sdb] 20480 512-byte logical blocks: (10.5 MB/10.0 MiB)
[    4.003148] sd 2:0:0:0: [sda] Write Protect is off
[    4.017360] sd 2:0:1:0: [sdb] Write Protect is off
[    4.037560] sd 2:0:0:0: [sda] Incomplete mode parameter data
[    4.050911] sd 2:0:0:0: [sda] Assuming drive cache: write through
[    4.071188] sd 2:0:1:0: [sdb] Incomplete mode parameter data
[    4.088801] sd 2:0:1:0: [sdb] Assuming drive cache: write through
[    4.121454]  sda: sda1
[    4.141434] sd 2:0:0:0: [sda] Attached SCSI disk
[    4.155481] sd 2:0:1:0: [sdb] Attached SCSI disk
[    4.879225] e1000 0000:00:03.0 eth0: (PCI:33MHz:32-bit) 02:be:82:6b:cc:1d
[    4.899550] e1000 0000:00:03.0 eth0: Intel(R) PRO/1000 Network Connection
[    5.888494] e1000 0000:00:08.0 eth1: (PCI:33MHz:32-bit) 08:00:27:d8:3f:c4
[    5.906932] e1000 0000:00:08.0 eth1: Intel(R) PRO/1000 Network Connection
[    6.875130] e1000 0000:00:09.0 eth2: (PCI:33MHz:32-bit) 08:00:27:11:3c:6d
[    6.897713] e1000 0000:00:09.0 eth2: Intel(R) PRO/1000 Network Connection
[    6.927803] e1000 0000:00:03.0 enp0s3: renamed from eth0
[    6.962308] e1000 0000:00:08.0 enp0s8: renamed from eth1
[    7.006639] e1000 0000:00:09.0 enp0s9: renamed from eth2
Begin: Loading essential drivers ... [    9.059192] md: linear personality registered for level -1
[    9.082283] md: multipath personality registered for level -4
[    9.106283] md: raid0 personality registered for level 0
[    9.155465] md: raid1 personality registered for level 1
[    9.252240] raid6: sse2x1   gen()  8269 MB/s
[    9.332560] raid6: sse2x1   xor()  6431 MB/s
[    9.412371] raid6: sse2x2   gen()  9785 MB/s
[    9.492784] raid6: sse2x2   xor()  6710 MB/s
[    9.574254] raid6: sse2x4   gen() 11714 MB/s
[    9.652300] raid6: sse2x4   xor()  6291 MB/s
[    9.666396] raid6: using algorithm sse2x4 gen() 11714 MB/s
[    9.683479] raid6: .... xor() 6291 MB/s, rmw enabled
[    9.698031] raid6: using ssse3x2 recovery algorithm
[    9.719443] xor: measuring software checksum speed
[   14.423198]    prefetch64-sse: -853367.-296 MB/sec
[   14.541405]    generic_sse: 28428.000 MB/sec
[   14.553256] xor: using function: generic_sse (28428.000 MB/sec)
[   14.574227] async_tx: api initialized (async)
[   14.669329] md: raid6 personality registered for level 6
[   14.683524] md: raid5 personality registered for level 5
[   14.699481] md: raid4 personality registered for level 4
[   14.759848] md: raid10 personality registered for level 10
done.
Begin: Running /scripts/init-premount ... done.
Begin: Mounting root file system ... Begin: Running /scripts/local-top ... done.
Begin: Running /scripts/local-premount ... [   14.944825] Btrfs loaded
Scanning for Btrfs filesystems
done.
Warning: fsck not present, so skipping root file system
[   15.063558] EXT4-fs (sda1): INFO: recovery required on readonly filesystem
[   15.087334] EXT4-fs (sda1): write access will be enabled during recovery
[   15.885054] EXT4-fs (sda1): orphan cleanup on readonly fs
[   15.933161] EXT4-fs (sda1): 6 orphan inodes deleted
[   15.950226] EXT4-fs (sda1): recovery complete
[   15.971472] EXT4-fs (sda1): mounted filesystem with ordered data mode. Opts: (null)
done.
Begin: Running /scripts/local-bottom ... done.
Begin: Running /scripts/init-bottom ... done.
[   16.234275] random: nonblocking pool is initialized
[   16.909080] systemd[1]: Inserted module 'autofs4'
[   16.954572] ip_tables: (C) 2000-2006 Netfilter Core Team
[   17.063684] systemd[1]: systemd 245.4-4ubuntu3.23 running in system mode. (+PAM +AUDIT +SELINUX +IMA +APPARMOR +SMACK +SYSVINIT +UTMP +LIBCRYPTSETUP +GCRYPT +GNUTLS +ACL +XZ +LZ4 +SECCOMP +BLKID +ELFUTILS +KMOD +IDN2 -IDN +PCRE2 default-hierarchy=hybrid)
[   17.134854] systemd[1]: Detected virtualization oracle.
[   17.138614] systemd[1]: Detected architecture x86-64.

Welcome to [1mUbuntu 16.04.7 LTS[0m!

[   17.239375] systemd[1]: Set hostname to <ubuntu-xenial>.
[   18.134622] systemd[1]: system-modprobe.slice: unit configures an IP firewall, but the local system does not support BPF/cgroup firewalling.
[   18.170174] systemd[1]: (This warning is only shown for the first unit using IP firewalling.)
[   18.174007] systemd[1]: Created slice system-modprobe.slice.
[[0;32m  OK  [0m] Created slice [0;1;39msystem-modprobe.slice[0m.
[   18.223190] systemd[1]: Created slice system-serial\x2dgetty.slice.
[[0;32m  OK  [0m] Created slice [0;1;39msystem-serial\x2dgetty.slice[0m.
[   18.252194] systemd[1]: Created slice User and Session Slice.
[[0;32m  OK  [0m] Created slice [0;1;39mUser and Session Slice[0m.
[   18.275256] systemd[1]: Started Forward Password Requests to Wall Directory Watch.
[[0;32m  OK  [0m] Started [0;1;39mForward Password R…uests to Wall Directory Watch[0m.
[   18.309475] systemd[1]: Set up automount Arbitrary Executable File Formats File System Automount Point.
[[0;32m  OK  [0m] Set up automount [0;1;39mArbitrary…s File System Automount Point[0m.
[   18.348667] systemd[1]: Reached target User and Group Name Lookups.
[[0;32m  OK  [0m] Reached target [0;1;39mUser and Group Name Lookups[0m.
[   18.376777] systemd[1]: Reached target Slices.
[[0;32m  OK  [0m] Reached target [0;1;39mSlices[0m.
[   18.399541] systemd[1]: Reached target Swap.
[[0;32m  OK  [0m] Reached target [0;1;39mSwap[0m.
[   18.425113] systemd[1]: Reached target System Time Set.
[[0;32m  OK  [0m] Reached target [0;1;39mSystem Time Set[0m.
[   18.448171] systemd[1]: Reached target System Time Synchronized.
[[0;32m  OK  [0m] Reached target [0;1;39mSystem Time Synchronized[0m.
[   18.476582] systemd[1]: Listening on Device-mapper event daemon FIFOs.
[[0;32m  OK  [0m] Listening on [0;1;39mDevice-mapper event daemon FIFOs[0m.
[   18.513143] systemd[1]: Listening on LVM2 metadata daemon socket.
[[0;32m  OK  [0m] Listening on [0;1;39mLVM2 metadata daemon socket[0m.
[   18.544087] systemd[1]: Listening on LVM2 poll daemon socket.
[[0;32m  OK  [0m] Listening on [0;1;39mLVM2 poll daemon socket[0m.
[   18.572499] systemd[1]: Listening on Syslog Socket.
[[0;32m  OK  [0m] Listening on [0;1;39mSyslog Socket[0m.
[   18.601944] systemd[1]: Listening on fsck to fsckd communication Socket.
[[0;32m  OK  [0m] Listening on [0;1;39mfsck to fsckd communication Socket[0m.
[   18.631912] systemd[1]: Listening on initctl Compatibility Named Pipe.
[[0;32m  OK  [0m] Listening on [0;1;39minitctl Compatibility Named Pipe[0m.
[   18.656755] systemd[1]: Listening on Journal Audit Socket.
[[0;32m  OK  [0m] Listening on [0;1;39mJournal Audit Socket[0m.
[   18.678591] systemd[1]: Listening on Journal Socket (/dev/log).
[[0;32m  OK  [0m] Listening on [0;1;39mJournal Socket (/dev/log)[0m.
[   18.700639] systemd[1]: Listening on Journal Socket.
[[0;32m  OK  [0m] Listening on [0;1;39mJournal Socket[0m.
[   18.725732] systemd[1]: Listening on udev Control Socket.
[[0;32m  OK  [0m] Listening on [0;1;39mudev Control Socket[0m.
[   18.757860] systemd[1]: Listening on udev Kernel Socket.
[[0;32m  OK  [0m] Listening on [0;1;39mudev Kernel Socket[0m.
[   18.796780] systemd[1]: Mounting Huge Pages File System...
         Mounting [0;1;39mHuge Pages File System[0m...
[   18.822212] systemd[1]: Mounting POSIX Message Queue File System...
         Mounting [0;1;39mPOSIX Message Queue File System[0m...
[   18.846408] systemd[1]: Mounting Kernel Debug File System...
         Mounting [0;1;39mKernel Debug File System[0m...
[   18.875331] systemd[1]: Mounting Kernel Trace File System...
         Mounting [0;1;39mKernel Trace File System[0m...
[   18.906747] systemd[1]: Starting Journal Service...
         Starting [0;1;39mJournal Service[0m...
[   18.960359] systemd[1]: Starting Set console keymap...
         Starting [0;1;39mSet console keymap[0m...
[   18.984098] systemd[1]: Starting Create list of static device nodes for the current kernel...
         Starting [0;1;39mCreate list of st…odes for the current kernel[0m...
[   19.031028] systemd[1]: Starting Monitoring of LVM2 mirrors, snapshots etc. using dmeventd or progress polling...
         Starting [0;1;39mMonitoring of LVM…meventd or progress polling[0m...
[   19.098425] systemd[1]: Starting Load Kernel Module chromeos_pstore...
         Starting [0;1;39mLoad Kernel Module chromeos_pstore[0m...
[   19.138030] systemd[1]: Starting Load Kernel Module drm...
         Starting [0;1;39mLoad Kernel Module drm[0m...
[   19.181849] systemd[1]: Starting Load Kernel Module efi_pstore...
         Starting [0;1;39mLoad Kernel Module efi_pstore[0m...
[   19.237967] systemd[1]: Starting Load Kernel Module pstore_blk...
         Starting [0;1;39mLoad Kernel Module pstore_blk[0m...
[   19.349266] [drm] Initialized drm 1.1.0 20060810
[   19.369529] systemd[1]: Starting Load Kernel Module pstore_zone...
         Starting [0;1;39mLoad Kernel Module pstore_zone[0m...
[   19.396476] systemd[1]: Starting Load Kernel Module ramoops...
         Starting [0;1;39mLoad Kernel Module ramoops[0m...
[   19.425977] systemd[1]: Starting Nameserver information manager...
         Starting [0;1;39mNameserver information manager[0m...
[   19.454606] systemd[1]: Starting Load AppArmor profiles managed internally by snapd...
         Starting [0;1;39mLoad AppArmor pro…managed internally by snapd[0m...
[   19.492450] systemd[1]: Condition check resulted in Set Up Additional Binary Formats being skipped.
[   19.515150] systemd[1]: Starting File System Check on Root Device...
         Starting [0;1;39mFile System Check on Root Device[0m...
[   19.547329] systemd[1]: Starting Load Kernel Modules...
         Starting [0;1;39mLoad Kernel Mo[   19.571107] systemd[1]: Starting Uncomplicated firewall...
dules[0m...
[   19.598103] systemd[1]: Condition check resulted in Read required files in advance being skipped.
         Starting [0;1;39mUncomplicated firewall[0m...
[   19.628265] systemd[1]: Started Journal Service.
[[0;32m  OK  [0m] Started [0;1;39mJournal Service[0m.
[[0;32m  OK  [0m] Mounted [0;1;39mHuge Pages File System[0m.
[[0;32m  OK  [0m] Mounted [0;1;39mPOSIX Message Queue File System[0m.
[[0;32m  OK  [0m] Mounted [0;1;39mKernel Debug File System[0m.
[[0;32m  OK  [0m] Mounted [0;1;39mKernel Trace File System[0m.
[[0;32m  OK  [0m] Finished [0;1;39mSet console keymap[0m.
[[0;32m  OK  [0m] Finished [0;1;39mCreate list of st… nodes for the current kernel[0m.
[[0;32m  OK  [0m] Finished [0;1;39mLoad Kernel Module chromeos_pstore[0m.
[[0;32m  OK  [0m] Finished [0;1;39mLoad Kernel Module drm[0m.
[[0;32m  OK  [0m] Finished [0;1;39mLoad Kernel Module efi_pstore[0m.
[[0;32m  OK  [0m] Finished [0;1;39mLoad Kernel Module pstore_blk[0m.
[[0;32m  OK  [0m] Finished [0;1;39mLoad Kernel Module pstore_zone[0m.
[[0;32m  OK  [0m] Finished [0;1;39mLoad Kernel Module ramoops[0m.
[   19.726578] Loading iSCSI transport class v2.0-870.
[[0;32m  OK  [0m] Finished [0;1;39mLoad AppArmor pro…s managed internally by snapd[0m.
[[0;32m  OK  [0m] Finished [0;1;39mFile System Check on Root Device[0m.
[[0;32m  OK  [0m] Finished [0;1;39mUncomplicated firewall[0m.
[   19.782754] iscsi: registered transport (tcp)
[[0;32m  OK  [0m] Started [0;1;39mNameserver information manager[0m.
[[0;32m  OK  [0m] Started [0;1;39mLVM2 metadata daemon[0m.
[[0;32m  OK  [0m] Started [0;1;39mFile System Check Daemon to report status[0m.
         Starting [0;1;39mRemount Root and Kernel File Systems[0m...
[   19.912221] EXT4-fs (sda1): re-mounted. Opts: (null)
[[0;32m  OK  [0m] Finished [0;1;39mRemount Root and Kernel File Systems[0m.
         Starting [0;1;39mFlush Journal to Persistent Storage[0m...
         Starting [0;1;39mLoad/Save Random Seed[0m...
         Starting [0;1;39mCreate System Users[0m...
[   20.076564] systemd-journald[392]: Received client request to flush runtime journal.
         Starting [0;1;39mudev Coldplug all Devices[0m...
[[0;32m  OK  [0m] Finished [0;1;39mMonitoring of LVM… dmeventd or progress polling[0m.
[[0;32m  OK  [0m] Finished [0;1;39mCreate System Users[0m.
[   20.176813] systemd-journald[392]: File /var/log/journal/69f203f51abf4236bd879a367962c484/system.journal corrupted or uncleanly shut down, renaming and replacing.
         Starting [0;1;39mCreate Static Device Nodes in /dev[0m...
[[0;32m  OK  [0m] Finished [0;1;39mLoad/Save Random Seed[0m.
[[0;32m  OK  [0m] Finished [0;1;39mudev Coldplug all Devices[0m.
[[0;32m  OK  [0m] Finished [0;1;39mCreate Static Device Nodes in /dev[0m.
[[0;32m  OK  [0m] Reached target [0;1;39mLocal File Systems (Pre)[0m.
[[0;32m  OK  [[   20.416866] iscsi: registered transport (iser)
0m] Reached target [0;1;39mLocal File Systems[0m.
         Starting [0;1;39mSet console font and keymap[0m...
         Starting [0;1;39mInitial cloud-init job (pre-networking)[0m...
         Starting [0;1;39mTell Plymouth To Write Out Runtime Data[0m...
         Starting [0;1;39mudev Kernel Device Manager[0m...
[[0;32m  OK  [0m] Finished [0;1;39mLoad Kernel Modules[0m.
[[0;32m  OK  [0m] Finished [0;1;39mTell Plymouth To Write Out Runtime Data[0m.
         Mounting [0;1;39mFUSE Control File System[0m...
         Starting [0;1;39mApply Kernel Variables[0m...
[[0;32m  OK  [0m] Mounted [0;1;39mFUSE Control File System[0m.
[[0;32m  OK  [0m] Finished [0;1;39mFlush Journal to Persistent Storage[0m.
         Starting [0;1;39mCreate Volatile Files and Directories[0m...
[[0;32m  OK  [0m] Finished [0;1;39mApply Kernel Variables[0m.
[[0;32m  OK  [0m] Finished [0;1;39mCreate Volatile Files and Directories[0m.
         Starting [0;1;39mNetwork Name Resolution[0m...
         Starting [0;1;39mUpdate UTMP about System Boot/Shutdown[0m...
[[0;32m  OK  [0m] Finished [0;1;39mUpdate UTMP about System Boot/Shutdown[0m.
[[0;32m  OK  [0m] Started [0;1;39mudev Kernel Device Manager[0m.
[[0;32m  OK  [0m] Started [0;1;39mNetwork Name Resolution[0m.
[[0;32m  OK  [0m] Reached target [0;1;39mHost and Network Name Lookups[0m.
[[0;32m  OK  [0m] Started [0;1;39mDispatch Password …ts to Console Directory Watch[0m.
[[0;32m  OK  [0m] Reached target [0;1;39mLocal Encrypted Volumes[0m.
[[0;32m  OK  [0m] Found device [0;1;39m/dev/ttyS0[0m.
[[0;32m  OK  [0m] Listening on [0;1;39mLoad/Save RF …itch Status /dev/rfkill Watch[0m.
[   24.379054] cloud-init[506]: Traceback (most recent call last):
[[0;1;31mFAILED[0m] Failed to start [0;1;39mInitial cloud-init job (pre-networking)[0m.
See 'systemctl status cloud-init-local.service' for details.
[[0;32m  OK  [0m] Reached target [0;1;39mNetwork (Pre)[0m.
[   24.514627] cloud-init[506]:   File "/usr/bin/cloud-init", line 9, in <module>
[   24.530979] cloud-init[506]:     load_entry_point('cloud-init==21.1', 'console_scripts', 'cloud-init')()
[[0;32m  OK  [0m] Started [0;1;39mifup for enp0s3[0m.
[   25.559918] cloud-init[506]:   File "/usr/lib/python3/dist-packages/pkg_resources/__init__.py", line 542, in load_entry_point
[   25.969533] cloud-init         Starting [0;1;39mRaise network interfaces[0m...
[506]:     return get_distribution(dist).load_entry_point(group, name)
[   26.273004] cloud-init[506]:   File "/usr/lib/python3/dist-packages/pkg_resources/__init__.py", line 2569, in load_entry_point
[   26.292906] cloud-init[506]:     return ep.load()
[   26.309554] cloud-init[506]:   File "/usr/lib/python3/dist-packages/pkg_resources/__init__.py", line 2229, in load
         [   26.558045] cloud-init[506]:     return self.resolve()
[   26.561785] cloud-init[506]:   File "/usr/lib/python3/dist-packages/pkg_resources/__init__.py", line 2235, in resolve
[   26.562325] cloud-init[506]:     module = __import__(self.module_name, fromlist=['__name__'], level=0)
[   26.562948] cloud-init[506]:   File "/usr/lib/python3/dist-packages/cloudinit/cmd/main.py", line 28, in <module>
[   26.564569] cloud-init[506]:     from cloudinit import stages
[   26.565143] cloud-init[506]:   File "/usr/lib/python3/dist-packages/cloudinit/stages.py", line 19, in <module>
[   26.565781] cloud-init[506]:     from cloudinit.handlers.cloud_config import CloudConfigPartHandler
[   26.565821] cloud-init[506]:   File "/usr/lib/python3/dist-packages/cloudinit/handlers/cloud_config.py", line 11, in <module>
[   26.565856] cloud-init[506]:     import jsonpatch
[   26.565889] cloud-init[506]:   File "/usr/lib/python3/dist-packages/jsonpatch.py", line 114, in <module>
[   26.565917] cloud-init[506]:     json.load = get_loadjson()
[   26.565941] cloud-init[506]:   File "/usr/lib/python3/dist-packages/jsonpatch.py", line 108, in get_loadjson
[   26.565972] cloud-init[506]:     argspec = inspect.getargspec(json.load)
[   26.566006] cloud-init[506]:   File "/usr/lib/python3.8/inspect.py", line 1095, in getargspec
[   26.566039] cloud-init[506]:     raise ValueError("Function has keyword-only parameters or annotations"
[   26.566066] cloud-init[506]: ValueError: Function has keyword-only parameters or annotations, use inspect.signature() API which can support them
Stopping [0;1;39mNetwork Name Resolution[0m...
[[0;32m  OK  [0m] Stopped [0;1;39mNetwork Name Resolution[0m.
         Starting [0;1;39mNetwork Name Resolution[0m...
[[0;32m  OK  [0m] Finished [0;1;39mSet console font and keymap[0m.
[[0;32m  OK  [0m] Created slice [0;1;39msystem-getty.slice[0m.
[[0;32m  OK  [0m] Started [0;1;39mNetwork Name Resolution[0m.
[[0;32m  OK  [0m] Finished [0;1;39mRaise network interfaces[0m.
         Starting [0;1;39mInitial cloud-ini… (metadata service crawler)[0m...
[   27.283287] cloud-init[977]: Traceback (most recent call last):
[   27.291295] cloud-init[977]:   File "/usr/bin/cloud-init", line 9, in <module>
[   27.298875] cloud-init[977]:     load_entry_point('cloud-init==21.1', 'console_scripts', 'cloud-init')()
[   27.306684] cloud-init[977]:   File "/usr/lib/python3/dist-packages/pkg_resources/__init__.py", line 542, in load_entry_point
[   27.316408] cloud-init[977]:     return get_distribution(dist).load_entry_point(group, name)
[   27.325214] cloud-init[977]:   File "/usr/lib/python3/dist-packages/pkg_resources/__init__.py", line 2569, in load_entry_point
[   27.335104] cloud-init[977]:     return ep.load()
[   27.341329] cloud-init[977]:   File "/usr/lib/python3/dist-packages/pkg_resources/__init__.py", line 2229, in load
[   27.351831] cloud-init[977]:     return self.resolve()
[   27.358673] cloud-init[977]:   File "/usr/lib/python3/dist-packages/pkg_resources/__init__.py", line 2235, in resolve
[   27.367416] cloud-init[977]:     module = __import__(self.module_name, fromlist=['__name__'], level=0)
[   27.377395] cloud-init[977]:   File "/usr/lib/python3/dist-packages/cloudinit/cmd/main.py", line 28, in <module>
[   27.385661] cloud-init[977]:     from cloudinit import stages
[   27.391822] cloud-init[977]:   File "/usr/lib/python3/dist-packages/cloudinit/stages.py", line 19, in <module>
[   27.400455] cloud-init[977]:     from cloudinit.handlers.cloud_config import CloudConfigPartHandler
[   27.409251] cloud-init[977]:   File "/usr/lib/python3/dist-packages/cloudinit/handlers/cloud_config.py", line 11, in <module>
[   27.418668] cloud-init[977]:     import jsonpatch
[   27.425910] cloud-init[977]:   File "/usr/lib/python3/dist-packages/jsonpatch.py", line 114, in <module>
[   27.434794] cloud-init[977]:     json.load = get_loadjson()
[   27.441378] cloud-init[977]:   File "/usr/lib/python3/dist-packages/jsonpatch.py", line 108, in get_loadjson
[   27.449855] cloud-init[977]:     argspec = inspect.getargspec(json.load)
[   27.456576] cloud-init[977]:   File "/usr/lib/python3.8/inspect.py", line 1095, in getargspec
[   27.464386] cloud-init[977]:     raise ValueError("Function has keyword-only parameters or annotations"
[   27.466620] cloud-init[977]: ValueError: Function has keyword-only parameters or annotations, use inspect.signature() API which can support them
[[0;1;31mFAILED[0m] Failed to start [0;1;39mInitial cl…ob (metadata service crawler)[0m.
See 'systemctl status cloud-init.service' for details.
[[0;32m  OK  [0m] Reached target [0;1;39mCloud-config availability[0m.
[[0;32m  OK  [0m] Reached target [0;1;39mSystem Initialization[0m.
[[0;32m  OK  [0m] Started [0;1;39mACPI Events Check[0m.
[[0;32m  OK  [0m] Started [0;1;39mDaily apt download activities[0m.
[[0;32m  OK  [0m] Started [0;1;39mDaily apt upgrade and clean activities[0m.
[[0;32m  OK  [0m] Started [0;1;39mMessage of the Day[0m.
[[0;32m  OK  [0m] Started [0;1;39mClean PHP session files every 30 mins[0m.
[[0;32m  OK  [0m] Started [0;1;39mDaily Cleanup of Temporary Directories[0m.
[[0;32m  OK  [0m] Reached target [0;1;39mPaths[0m.
[[0;32m  OK  [0m] Reached target [0;1;39mTimers[0m.
[[0;32m  OK  [0m] Listening on [0;1;39mACPID Listen Socket[0m.
[[0;32m  OK  [0m] Listening on [0;1;39mD-Bus System Message Bus Socket[0m.
         Starting [0;1;39mLXD - unix socket[0m.
         Starting [0;1;39mSocket activation for snappy daemon[0m.
[[0;32m  OK  [0m] Listening on [0;1;39mUUID daemon activation socket[0m.
[[0;32m  OK  [0m] Listening on [0;1;39mLXD - unix socket[0m.
[[0;32m  OK  [0m] Listening on [0;1;39mSocket activation for snappy daemon[0m.
[[0;32m  OK  [0m] Reached target [0;1;39mSockets[0m.
[[0;32m  OK  [0m] Reached target [0;1;39mBasic System[0m.
         Starting [0;1;39mAccounts Service[0m...
[[0;32m  OK  [0m] Started [0;1;39mACPI event daemon[0m.
[[0;32m  OK  [0m] Started [0;1;39mDeferred execution scheduler[0m.
[[0;32m  OK  [0m] Started [0;1;39mRegular background program processing daemon[0m.
[[0;32m  OK  [0m] Started [0;1;39mD-Bus System Message Bus[0m.
         Starting [0;1;39mNetwork Manager[0m...
         Starting [0;1;39mLSB: Record successful boot for GRUB[0m...
[[0;32m  OK  [0m] Started [0;1;39mFUSE filesystem for LXC[0m.
         Starting [0;1;39mLXD - container startup/shutdown[0m...
         Starting [0;1;39mLSB: MD monitoring daemon[0m...
         Starting [0;1;39mClean php session files[0m...
         Starting [0;1;39mRestore /etc/reso… the ppp link was shut down[0m...
         Starting [0;1;39mLSB: Run /etc/rc.local if it exist[0m...
         Starting [0;1;39mSystem Logging Service[0m...
         Starting [0;1;39mSnap Daemon[0m...
         Starting [0;1;39mLogin Service[0m...
         Starting [0;1;39mVirtualbox guest utils[0m...
[[0;32m  OK  [0m] Finished [0;1;39mRestore /etc/reso…re the ppp link was shut down[0m.
[[0;32m  OK  [0m] Started [0;1;39mSystem Logging Service[0m.
[[0;32m  OK  [0m] Started [0;1;39mLSB: Run /etc/rc.local if it exist[0m.
[[0;32m  OK  [0m] Started [0;1;39mLSB: Record successful boot for GRUB[0m.
[[0;32m  OK  [0m] Started [0;1;39mLSB: MD monitoring daemon[0m.
         Starting [0;1;39mAuthenticate and …ers to Run Privileged Tasks[0m...
[[0;32m  OK  [0m] Finished [0;1;39mLXD - container startup/shutdown[0m.
[[0;32m  OK  [0m] Started [0;1;39mNetwork Manager[0m.
[[0;32m  OK  [0m] Reached target [0;1;39mNetwork[0m.
         Starting [0;1;39mNetwork Manager Wait Online[0m...
         Starting [0;1;39mMySQL Community Server[0m...
         Starting [0;1;39mThe PHP 7.4 FastCGI Process Manager[0m...
[[0;32m  OK  [0m] Started [0;1;39mAuthenticate and A…Users to Run Privileged Tasks[0m.
         Starting [0;1;39mNetwork Manager Script Dispatcher Service[0m...
[[0;32m  OK  [0m] Started [0;1;39mAccounts Service[0m.
[[0;32m  OK  [0m] Started [0;1;39mNetwork Manager Script Dispatcher Service[0m.
[[0;32m  OK  [0m] Started [0;1;39mLogin Service[0m.
[[0;32m  OK  [0m] Started [0;1;39mUnattended Upgrades Shutdown[0m.
         Starting [0;1;39mHostname Service[0m...
[[0;32m  OK  [0m] Started [0;1;39mVirtualbox guest utils[0m.
[[0;32m  OK  [0m] Started [0;1;39mHostname Service[0m.
[[0;32m  OK  [0m] Started [0;1;39mThe PHP 7.4 FastCGI Process Manager[0m.
[[0;32m  OK  [0m] Finished [0;1;39mClean php session files[0m.
[[0;32m  OK  [0m] Started [0;1;39mSnap Daemon[0m.
         Starting [0;1;39mWait until snapd is fully seeded[0m...
[[0;32m  OK  [0m] Finished [0;1;39mWait until snapd is fully seeded[0m.
[[0;32m  OK  [0m] Started [0;1;39mMySQL Community Server[0m.
[ [0;31m*[0;1;31m*[0m[0;31m*  [0m] A start job is running for Network …nager Wait Online (32s / no limit)
M[K         Starting [0;1;39mNetwork Manager Script Dispatcher Service[0m...
[K[[0;32m  OK  [0m] Finished [0;1;39mNetwork Manager Wait Online[0m.
[[0;32m  OK  [0m] Reached target [0;1;39mNetwork is Online[0m.
         Starting [0;1;39mApply the settings specified in cloud-config[0m...
         Starting [0;1;39miSCSI initiator daemon (iscsid)[0m...
         Starting [0;1;39mOpenBSD Secure Shell server[0m...
[[0;32m  OK  [0m] Started [0;1;39mNetwork Manager Script Dispatcher Service[0m.
[[0;32m  OK  [0m] Started [0;1;39miSCSI initiator daemon (iscsid)[0m.
         Starting [0;1;39mLogin to default iSCSI targets[0m...
[[0;32m  OK  [0m] Finished [0;1;39mLogin to default iSCSI targets[0m.
[[0;32m  OK  [0m] Reached target [0;1;39mRemote File Systems (Pre)[0m.
         Mounting [0;1;39m/home/vagrant/data[0m...
         Mounting [0;1;39m/vagrant[0m...
[[0;32m  OK  [0m] Started [0;1;39mOpenBSD Secure Shell server[0m.
[[0;32m  OK  [0m] Mounted [0;1;39m/vagrant[0m.
[[0;32m  OK  [0m] Mounted [0;1;39m/home/vagrant/data[0m.
[[0;32m  OK  [0m] Reached target [0;1;39mRemote File Systems[0m.
         Starting [0;1;39mThe Apache HTTP Server[0m...
         Starting [0;1;39mLSB: automatic crash report generation[0m...
         Starting [0;1;39mLSB: daemon to ba… interrupts for SMP systems[0m...
         Starting [0;1;39mnginx - high performance web server[0m...
         Starting [0;1;39mPermit User Sessions[0m...
[[0;32m  OK  [0m] Finished [0;1;39mPermit User Sessions[0m.
         Starting [0;1;39mHold until boot process finishes up[0m...
         Starting [0;1;39mTerminate Plymouth Boot Screen[0m...
[[0;32m  OK  [0m] Finished [0;1;39mHold until boot process finishes up[0m.
[[0;32m  OK  [0m] Started [0;1;39mGetty on tty1[0m.
[[0;32m  OK  [0m] Started [0;1;39mSerial Getty on ttyS0[0m.
[[0;32m  OK  [0m] Reached target [0;1;39mLogin Prompts[0m.
         Starting [0;1;39mSet console scheme[0m...
[[0;32m  OK  [0m] Finished [0;1;39mTerminate Plymouth Boot Screen[0m.
[[0;32m  OK  [0m] Started [0;1;39mnginx - high performance web server[0m.
[[0;32m  OK  [0m] Finished [0;1;39mSet console scheme[0m.
[[0;32m  OK  [0m] Started [0;1;39mLSB: automatic crash report generation[0m.
[[0;32m  OK  [0m] Started [0;1;39mLSB: daemon to bal…ce interrupts for SMP systems[0m.
[[0;32m  OK  [0m] Started [0;1;39mThe Apache HTTP Server[0m.
         Starting [0;1;39mDisk Cache Cleani…emon for Apache HTTP Server[0m...
[[0;32m  OK  [0m] Started [0;1;39mDisk Cache Cleanin…Daemon for Apache HTTP Server[0m.
[[0;32m  OK  [0m] Reached target [0;1;39mMulti-User System[0m.
[[0;32m  OK  [0m] Reached target [0;1;39mGraphical Interface[0m.
         Starting [0;1;39mUpdate UTMP about System Runlevel Changes[0m...
[[0;32m  OK  [0m] Finished [0;1;39mUpdate UTMP about System Runlevel Changes[0m.
[   51.235680] cloud-init[1415]: Traceback (most recent call last):
[   51.239417] cloud-init[1415]:   File "/usr/bin/cloud-init", line 9, in <module>
[   51.245492] cloud-init[1415]:     load_entry_point('cloud-init==21.1', 'console_scripts', 'cloud-init')()
[   51.255056] cloud-init[1415]:   File "/usr/lib/python3/dist-packages/pkg_resources/__init__.py", line 542, in load_entry_point
[   51.284827] cloud-init[1415]:     return get_distribution(dist).load_entry_point(group, name)
[   51.291710] cloud-init[1415]:   File "/usr/lib/python3/dist-packages/pkg_resources/__init__.py", line 2569, in load_entry_point
[   51.298571] cloud-init[1415]:     return ep.load()
[   51.302526] cloud-init[1415]:   File "/usr/lib/python3/dist-packages/pkg_resources/__init__.py", line 2229, in load
[   51.309745] cloud-init[1415]:     return self.resolve()
[   51.314538] cloud-init[1415]:   File "/usr/lib/python3/dist-packages/pkg_resources/__init__.py", line 2235, in resolve
[   51.320821] cloud-init[1415]:     module = __import__(self.module_name, fromlist=['__name__'], level=0)
[   51.326970] cloud-init[1415]:   File "/usr/lib/python3/dist-packages/cloudinit/cmd/main.py", line 28, in <module>
[   51.337973] cloud-init[1415]: [[0;1;31mFAILED[0m] Failed to start [0;1;39mApply the …ngs specified in cloud-config[0m.
See 'systemctl status cloud-config.service' for details.
    from cloudinit import stages
[   51.348449] cloud-init[1415]:   File "/usr/lib/python3/dist-packages/cloudinit/stages.py", line 19, in <module>
         Starting [0;1;39mExecute cloud user/final scripts[0m...
[   51.357395] cloud-init[1415]:     from cloudinit.handlers.cloud_config import CloudConfigPartHandler
[   51.369295] cloud-init[1415]:   File "/usr/lib/python3/dist-packages/cloudinit/handlers/cloud_config.py", line 11, in <module>
[   51.375673] cloud-init[1415]:     import jsonpatch
[   51.379871] cloud-init[1415]:   File "/usr/lib/python3/dist-packages/jsonpatch.py", line 114, in <module>
[   51.385514] cloud-init[1415]:     json.load = get_loadjson()
[   51.389008] cloud-init[1415]:   File "/usr/lib/python3/dist-packages/jsonpatch.py", line 108, in get_loadjson
[   51.395779] cloud-init[1415]:     argspec = inspect.getargspec(json.load)
[   51.401037] cloud-init[1415]:   File "/usr/lib/python3.8/inspect.py", line 1095, in getargspec
[   51.405504] cloud-init[1415]:     raise ValueError("Function has keyword-only parameters or annotations"
[   51.410559] cloud-init[1415]: ValueError: Function has keyword-only parameters or annotations, use inspect.signature() API which can support them
[   51.718449] cloud-init[1618]: Traceback (most recent call last):
[   51.722991] cloud-init[1618]:   File "/usr/bin/cloud-init", line 9, in <module>
[   51.728999] cloud-init[1618]:     load_entry_point('cloud-init==21.1', 'console_scripts', 'cloud-init')()
[   51.735618] cloud-init[1618]:   File "/usr/lib/python3/dist-packages/pkg_resources/__init__.py", line 542, in load_entry_point
[   51.751208] cloud-init[1618]:     return get_distribution(dist).load_entry_point(group, name)
[   51.757205] cloud-init[1618]:   File "/usr/lib/python3/dist-packages/pkg_resources/__init__.py", line 2569, in load_entry_point
[   51.762970] cloud-init[1618]:     return ep.load()
[   51.765705] cloud-init[1618]:   File "/usr/lib/python3/dist-packages/pkg_resources/__init__.py", line 2229, in load
[   51.771230] cloud-init[1618]:     return self.resolve()
[   51.776281] cloud-init[1618]:   File "/usr/lib/python3/dist-packages/pkg_resources/__init__.py", line 2235, in resolve
[   51.783928] cloud-init[1618]:     module = __import__(self.module_name, fromlist=['__name__'], level=0)
[   51.790966] cloud-init[1618]:   File "/usr/lib/python3/dist-packages/cloudinit/cmd/main.py", line 28, in <module>
[   51.797095] cloud-init[1618]:     from cloudinit import stages
[   51.800409] cloud-init[1618]:   File "/usr/lib/python3/dist-packages/cloudinit/stages.py", line 19, in <module>
[   51.805012] cloud-init[1618]:     from cloudinit.handlers.cloud_config import CloudConfigPartHandler
[   51.810206] cloud-init[1618]:   File "/usr/lib/python3/dist-packages/cloudinit/handlers/cloud_config.py", line 11, in <module>
[   51.815223] cloud-init[1618]:     import jsonpatch
[   51.820439] cloud-init[1618]:   File "/usr/lib/python3/dist-packages/jsonpatch.py", line 114, in <module>
[   51.826699] cloud-init[1618]:     json.load = get_loadjson()
[   51.831439] cloud-init[1618]:   File "/usr/lib/python3/dist-packages/jsonpatch.py", line 108, in get_loadjson
[   51.837018] cloud-init[1618]:     argspec = inspect.getargspec(json.load)
[   51.840842] cloud-init[1618]:   File "/usr/lib/python3.8/inspect.py", line 1095, in getargspec
[   51.846168] cloud-init[1618]:     raise ValueError("Function has keyword-only parameters or annotations"
[   51.851533] cloud-init[1618]: ValueError: Function has keyword-only parameters or annotations, use inspect.signature() API which can support them
[[0;1;31mFAILED[0m] Failed to start [0;1;39mExecute cloud user/final scripts[0m.
See 'systemctl status cloud-final.service' for details.
[[0;32m  OK  [0m] Reached target [0;1;39mCloud-init target[0m.

Ubuntu 16.04.7 LTS ubuntu-xenial ttyS0

ubuntu-xenial login: 